2026-06-19T11:22:12.669+05:30  INFO 2776 --- [restartedMain] c.s.o.OnlineLearningPlatformApplication  : Starting OnlineLearningPlatformApplication using Java 25.0.1 with PID 2776 (C:\Users\BAPS\Documents\Spring Boot\Online-learning-platform\target\classes started by BAPS in C:\Users\BAPS\Documents\Spring Boot\Online-learning-platform)
2026-06-19T11:22:12.674+05:30  INFO 2776 --- [restartedMain] c.s.o.OnlineLearningPlatformApplication  : No active profile set, falling back to 1 default profile: "default"
2026-06-19T11:22:12.727+05:30  INFO 2776 --- [restartedMain] .e.DevToolsPropertyDefaultsPostProcessor : Devtools property defaults active! Set 'spring.devtools.add-properties' to 'false' to disable
2026-06-19T11:22:12.727+05:30  INFO 2776 --- [restartedMain] .e.DevToolsPropertyDefaultsPostProcessor : For additional web related logging consider setting the 'logging.level.web' property to 'DEBUG'
2026-06-19T11:22:13.739+05:30  INFO 2776 --- [restartedMain] .s.d.r.c.RepositoryConfigurationDelegate : Bootstrapping Spring Data JPA repositories in DEFAULT mode.
2026-06-19T11:22:13.870+05:30  INFO 2776 --- [restartedMain] .s.d.r.c.RepositoryConfigurationDelegate : Finished Spring Data repository scanning in 105 ms. Found 8 JPA repository interfaces.
2026-06-19T11:22:14.449+05:30  INFO 2776 --- [restartedMain] o.s.b.w.embedded.tomcat.TomcatWebServer  : Tomcat initialized with port 8080 (http)
2026-06-19T11:22:14.463+05:30  INFO 2776 --- [restartedMain] o.apache.catalina.core.StandardService   : Starting service [Tomcat]
2026-06-19T11:22:14.463+05:30  INFO 2776 --- [restartedMain] o.apache.catalina.core.StandardEngine    : Starting Servlet engine: [Apache Tomcat/10.1.54]
2026-06-19T11:22:14.514+05:30  INFO 2776 --- [restartedMain] o.a.c.c.C.[Tomcat].[localhost].[/]       : Initializing Spring embedded WebApplicationContext
2026-06-19T11:22:14.515+05:30  INFO 2776 --- [restartedMain] w.s.c.ServletWebServerApplicationContext : Root WebApplicationContext: initialization completed in 1788 ms
2026-06-19T11:22:14.684+05:30  INFO 2776 --- [restartedMain] o.hibernate.jpa.internal.util.LogHelper  : HHH000204: Processing PersistenceUnitInfo [name: default]
2026-06-19T11:22:14.756+05:30  INFO 2776 --- [restartedMain] org.hibernate.Version                    : HHH000412: Hibernate ORM core version 6.6.49.Final
2026-06-19T11:22:14.796+05:30  INFO 2776 --- [restartedMain] o.h.c.internal.RegionFactoryInitiator    : HHH000026: Second-level cache disabled
2026-06-19T11:22:15.084+05:30  INFO 2776 --- [restartedMain] o.s.o.j.p.SpringPersistenceUnitInfo      : No LoadTimeWeaver setup: ignoring JPA class transformer
2026-06-19T11:22:15.117+05:30  INFO 2776 --- [restartedMain] com.zaxxer.hikari.HikariDataSource       : HikariPool-1 - Starting...
2026-06-19T11:22:15.309+05:30  INFO 2776 --- [restartedMain] com.zaxxer.hikari.pool.HikariPool        : HikariPool-1 - Added connection org.postgresql.jdbc.PgConnection@158ffb71
2026-06-19T11:22:15.311+05:30  INFO 2776 --- [restartedMain] com.zaxxer.hikari.HikariDataSource       : HikariPool-1 - Start completed.
2026-06-19T11:22:15.435+05:30  INFO 2776 --- [restartedMain] org.hibernate.orm.connections.pooling    : HHH10001005: Database info:
	Database JDBC URL [Connecting through datasource 'HikariDataSource (HikariPool-1)']
	Database driver: undefined/unknown
	Database version: 18.1
	Autocommit mode: undefined/unknown
	Isolation level: undefined/unknown
	Minimum pool size: undefined/unknown
	Maximum pool size: undefined/unknown
2026-06-19T11:22:16.541+05:30  INFO 2776 --- [restartedMain] o.h.e.t.j.p.i.JtaPlatformInitiator       : HHH000489: No JTA platform available (set 'hibernate.transaction.jta.platform' to enable JTA platform integration)
2026-06-19T11:22:16.712+05:30  INFO 2776 --- [restartedMain] j.LocalContainerEntityManagerFactoryBean : Initialized JPA EntityManagerFactory for persistence unit 'default'
2026-06-19T11:22:16.984+05:30  WARN 2776 --- [restartedMain] ConfigServletWebServerApplicationContext : Exception encountered during context initialization - cancelling refresh attempt: org.springframework.beans.factory.UnsatisfiedDependencyException: Error creating bean with name 'categoryController' defined in file [C:\Users\BAPS\Documents\Spring Boot\Online-learning-platform\target\classes\com\sarthak\onlineLearningPlatform\controller\CategoryController.class]: Unsatisfied dependency expressed through constructor parameter 0: Error creating bean with name 'categoryService' defined in file [C:\Users\BAPS\Documents\Spring Boot\Online-learning-platform\target\classes\com\sarthak\onlineLearningPlatform\service\CategoryService.class]: Unsatisfied dependency expressed through constructor parameter 1: No qualifying bean of type 'com.sarthak.onlineLearningPlatform.mapper.CategoryMapper' available: expected at least 1 bean which qualifies as autowire candidate. Dependency annotations: {}
2026-06-19T11:22:16.984+05:30  INFO 2776 --- [restartedMain] j.LocalContainerEntityManagerFactoryBean : Closing JPA EntityManagerFactory for persistence unit 'default'
2026-06-19T11:22:16.987+05:30  INFO 2776 --- [restartedMain] com.zaxxer.hikari.HikariDataSource       : HikariPool-1 - Shutdown initiated...
2026-06-19T11:22:16.990+05:30  INFO 2776 --- [restartedMain] com.zaxxer.hikari.HikariDataSource       : HikariPool-1 - Shutdown completed.
2026-06-19T11:22:16.996+05:30  INFO 2776 --- [restartedMain] o.apache.catalina.core.StandardService   : Stopping service [Tomcat]
2026-06-19T11:22:17.006+05:30  INFO 2776 --- [restartedMain] .s.b.a.l.ConditionEvaluationReportLogger : 

Error starting ApplicationContext. To display the condition evaluation report re-run your application with 'debug' enabled.
2026-06-19T11:22:17.039+05:30 ERROR 2776 --- [restartedMain] o.s.b.d.LoggingFailureAnalysisReporter   : 

***************************
APPLICATION FAILED TO START
***************************

Description:

Parameter 1 of constructor in com.sarthak.onlineLearningPlatform.service.CategoryService required a bean of type 'com.sarthak.onlineLearningPlatform.mapper.CategoryMapper' that could not be found.


Action:

Consider defining a bean of type 'com.sarthak.onlineLearningPlatform.mapper.CategoryMapper' in your configuration.

2026-06-19T11:27:16.780+05:30  INFO 18184 --- [restartedMain] c.s.o.OnlineLearningPlatformApplication  : Starting OnlineLearningPlatformApplication using Java 21.0.11 with PID 18184 (C:\Users\BAPS\Documents\Spring Boot\Online-learning-platform\target\classes started by BAPS in C:\Users\BAPS\Documents\Spring Boot\Online-learning-platform)
2026-06-19T11:27:16.785+05:30  INFO 18184 --- [restartedMain] c.s.o.OnlineLearningPlatformApplication  : No active profile set, falling back to 1 default profile: "default"
2026-06-19T11:27:16.867+05:30  INFO 18184 --- [restartedMain] .e.DevToolsPropertyDefaultsPostProcessor : Devtools property defaults active! Set 'spring.devtools.add-properties' to 'false' to disable
2026-06-19T11:27:16.867+05:30  INFO 18184 --- [restartedMain] .e.DevToolsPropertyDefaultsPostProcessor : For additional web related logging consider setting the 'logging.level.web' property to 'DEBUG'
2026-06-19T11:27:18.085+05:30  INFO 18184 --- [restartedMain] .s.d.r.c.RepositoryConfigurationDelegate : Bootstrapping Spring Data JPA repositories in DEFAULT mode.
2026-06-19T11:27:18.188+05:30  INFO 18184 --- [restartedMain] .s.d.r.c.RepositoryConfigurationDelegate : Finished Spring Data repository scanning in 93 ms. Found 8 JPA repository interfaces.
2026-06-19T11:27:18.717+05:30  INFO 18184 --- [restartedMain] o.s.b.w.embedded.tomcat.TomcatWebServer  : Tomcat initialized with port 8080 (http)
2026-06-19T11:27:18.729+05:30  INFO 18184 --- [restartedMain] o.apache.catalina.core.StandardService   : Starting service [Tomcat]
2026-06-19T11:27:18.729+05:30  INFO 18184 --- [restartedMain] o.apache.catalina.core.StandardEngine    : Starting Servlet engine: [Apache Tomcat/10.1.54]
2026-06-19T11:27:18.778+05:30  INFO 18184 --- [restartedMain] o.a.c.c.C.[Tomcat].[localhost].[/]       : Initializing Spring embedded WebApplicationContext
2026-06-19T11:27:18.778+05:30  INFO 18184 --- [restartedMain] w.s.c.ServletWebServerApplicationContext : Root WebApplicationContext: initialization completed in 1910 ms
2026-06-19T11:27:18.964+05:30  INFO 18184 --- [restartedMain] o.hibernate.jpa.internal.util.LogHelper  : HHH000204: Processing PersistenceUnitInfo [name: default]
2026-06-19T11:27:19.022+05:30  INFO 18184 --- [restartedMain] org.hibernate.Version                    : HHH000412: Hibernate ORM core version 6.6.49.Final
2026-06-19T11:27:19.055+05:30  INFO 18184 --- [restartedMain] o.h.c.internal.RegionFactoryInitiator    : HHH000026: Second-level cache disabled
2026-06-19T11:27:19.366+05:30  INFO 18184 --- [restartedMain] o.s.o.j.p.SpringPersistenceUnitInfo      : No LoadTimeWeaver setup: ignoring JPA class transformer
2026-06-19T11:27:19.409+05:30  INFO 18184 --- [restartedMain] com.zaxxer.hikari.HikariDataSource       : HikariPool-1 - Starting...
2026-06-19T11:27:19.621+05:30  INFO 18184 --- [restartedMain] com.zaxxer.hikari.pool.HikariPool        : HikariPool-1 - Added connection org.postgresql.jdbc.PgConnection@c60bb64
2026-06-19T11:27:19.623+05:30  INFO 18184 --- [restartedMain] com.zaxxer.hikari.HikariDataSource       : HikariPool-1 - Start completed.
2026-06-19T11:27:19.693+05:30  INFO 18184 --- [restartedMain] org.hibernate.orm.connections.pooling    : HHH10001005: Database info:
	Database JDBC URL [Connecting through datasource 'HikariDataSource (HikariPool-1)']
	Database driver: undefined/unknown
	Database version: 18.1
	Autocommit mode: undefined/unknown
	Isolation level: undefined/unknown
	Minimum pool size: undefined/unknown
	Maximum pool size: undefined/unknown
2026-06-19T11:27:21.085+05:30  INFO 18184 --- [restartedMain] o.h.e.t.j.p.i.JtaPlatformInitiator       : HHH000489: No JTA platform available (set 'hibernate.transaction.jta.platform' to enable JTA platform integration)
2026-06-19T11:27:21.141+05:30  INFO 18184 --- [restartedMain] j.LocalContainerEntityManagerFactoryBean : Initialized JPA EntityManagerFactory for persistence unit 'default'
2026-06-19T11:27:21.540+05:30  INFO 18184 --- [restartedMain] o.s.d.j.r.query.QueryEnhancerFactory     : Hibernate is in classpath; If applicable, HQL parser will be used.
2026-06-19T11:27:21.733+05:30  WARN 18184 --- [restartedMain] JpaBaseConfiguration$JpaWebConfiguration : spring.jpa.open-in-view is enabled by default. Therefore, database queries may be performed during view rendering. Explicitly configure spring.jpa.open-in-view to disable this warning
2026-06-19T11:27:22.174+05:30  WARN 18184 --- [restartedMain] o.s.b.d.a.OptionalLiveReloadServer       : Unable to start LiveReload server
2026-06-19T11:27:22.205+05:30  WARN 18184 --- [restartedMain] ConfigServletWebServerApplicationContext : Exception encountered during context initialization - cancelling refresh attempt: org.springframework.context.ApplicationContextException: Failed to start bean 'webServerStartStop'
2026-06-19T11:27:22.209+05:30  INFO 18184 --- [restartedMain] j.LocalContainerEntityManagerFactoryBean : Closing JPA EntityManagerFactory for persistence unit 'default'
2026-06-19T11:27:22.211+05:30  INFO 18184 --- [restartedMain] com.zaxxer.hikari.HikariDataSource       : HikariPool-1 - Shutdown initiated...
2026-06-19T11:27:22.214+05:30  INFO 18184 --- [restartedMain] com.zaxxer.hikari.HikariDataSource       : HikariPool-1 - Shutdown completed.
2026-06-19T11:27:22.229+05:30  INFO 18184 --- [restartedMain] .s.b.a.l.ConditionEvaluationReportLogger : 

Error starting ApplicationContext. To display the condition evaluation report re-run your application with 'debug' enabled.
2026-06-19T11:27:22.249+05:30 ERROR 18184 --- [restartedMain] o.s.b.d.LoggingFailureAnalysisReporter   : 

***************************
APPLICATION FAILED TO START
***************************

Description:

Web server failed to start. Port 8080 was already in use.

Action:

Identify and stop the process that's listening on port 8080 or configure this application to listen on another port.

2026-06-19T11:28:12.049+05:30  INFO 18852 --- [restartedMain] c.s.o.OnlineLearningPlatformApplication  : Starting OnlineLearningPlatformApplication using Java 21.0.11 with PID 18852 (C:\Users\BAPS\Documents\Spring Boot\Online-learning-platform\target\classes started by BAPS in C:\Users\BAPS\Documents\Spring Boot\Online-learning-platform)
2026-06-19T11:28:12.052+05:30  INFO 18852 --- [restartedMain] c.s.o.OnlineLearningPlatformApplication  : No active profile set, falling back to 1 default profile: "default"
2026-06-19T11:28:12.100+05:30  INFO 18852 --- [restartedMain] .e.DevToolsPropertyDefaultsPostProcessor : Devtools property defaults active! Set 'spring.devtools.add-properties' to 'false' to disable
2026-06-19T11:28:12.100+05:30  INFO 18852 --- [restartedMain] .e.DevToolsPropertyDefaultsPostProcessor : For additional web related logging consider setting the 'logging.level.web' property to 'DEBUG'
2026-06-19T11:28:12.889+05:30  INFO 18852 --- [restartedMain] .s.d.r.c.RepositoryConfigurationDelegate : Bootstrapping Spring Data JPA repositories in DEFAULT mode.
2026-06-19T11:28:12.970+05:30  INFO 18852 --- [restartedMain] .s.d.r.c.RepositoryConfigurationDelegate : Finished Spring Data repository scanning in 73 ms. Found 8 JPA repository interfaces.
2026-06-19T11:28:13.436+05:30  INFO 18852 --- [restartedMain] o.s.b.w.embedded.tomcat.TomcatWebServer  : Tomcat initialized with port 8080 (http)
2026-06-19T11:28:13.447+05:30  INFO 18852 --- [restartedMain] o.apache.catalina.core.StandardService   : Starting service [Tomcat]
2026-06-19T11:28:13.448+05:30  INFO 18852 --- [restartedMain] o.apache.catalina.core.StandardEngine    : Starting Servlet engine: [Apache Tomcat/10.1.54]
2026-06-19T11:28:13.491+05:30  INFO 18852 --- [restartedMain] o.a.c.c.C.[Tomcat].[localhost].[/]       : Initializing Spring embedded WebApplicationContext
2026-06-19T11:28:13.491+05:30  INFO 18852 --- [restartedMain] w.s.c.ServletWebServerApplicationContext : Root WebApplicationContext: initialization completed in 1390 ms
2026-06-19T11:28:13.652+05:30  INFO 18852 --- [restartedMain] o.hibernate.jpa.internal.util.LogHelper  : HHH000204: Processing PersistenceUnitInfo [name: default]
2026-06-19T11:28:13.760+05:30  INFO 18852 --- [restartedMain] org.hibernate.Version                    : HHH000412: Hibernate ORM core version 6.6.49.Final
2026-06-19T11:28:13.810+05:30  INFO 18852 --- [restartedMain] o.h.c.internal.RegionFactoryInitiator    : HHH000026: Second-level cache disabled
2026-06-19T11:28:14.079+05:30  INFO 18852 --- [restartedMain] o.s.o.j.p.SpringPersistenceUnitInfo      : No LoadTimeWeaver setup: ignoring JPA class transformer
2026-06-19T11:28:14.105+05:30  INFO 18852 --- [restartedMain] com.zaxxer.hikari.HikariDataSource       : HikariPool-1 - Starting...
2026-06-19T11:28:14.368+05:30  INFO 18852 --- [restartedMain] com.zaxxer.hikari.pool.HikariPool        : HikariPool-1 - Added connection org.postgresql.jdbc.PgConnection@543e188c
2026-06-19T11:28:14.370+05:30  INFO 18852 --- [restartedMain] com.zaxxer.hikari.HikariDataSource       : HikariPool-1 - Start completed.
2026-06-19T11:28:14.434+05:30  INFO 18852 --- [restartedMain] org.hibernate.orm.connections.pooling    : HHH10001005: Database info:
	Database JDBC URL [Connecting through datasource 'HikariDataSource (HikariPool-1)']
	Database driver: undefined/unknown
	Database version: 18.1
	Autocommit mode: undefined/unknown
	Isolation level: undefined/unknown
	Minimum pool size: undefined/unknown
	Maximum pool size: undefined/unknown
2026-06-19T11:28:15.481+05:30  INFO 18852 --- [restartedMain] o.h.e.t.j.p.i.JtaPlatformInitiator       : HHH000489: No JTA platform available (set 'hibernate.transaction.jta.platform' to enable JTA platform integration)
2026-06-19T11:28:15.530+05:30  INFO 18852 --- [restartedMain] j.LocalContainerEntityManagerFactoryBean : Initialized JPA EntityManagerFactory for persistence unit 'default'
2026-06-19T11:28:15.876+05:30  INFO 18852 --- [restartedMain] o.s.d.j.r.query.QueryEnhancerFactory     : Hibernate is in classpath; If applicable, HQL parser will be used.
2026-06-19T11:28:16.046+05:30  WARN 18852 --- [restartedMain] JpaBaseConfiguration$JpaWebConfiguration : spring.jpa.open-in-view is enabled by default. Therefore, database queries may be performed during view rendering. Explicitly configure spring.jpa.open-in-view to disable this warning
2026-06-19T11:28:16.469+05:30  INFO 18852 --- [restartedMain] o.s.b.d.a.OptionalLiveReloadServer       : LiveReload server is running on port 35729
2026-06-19T11:28:16.517+05:30  INFO 18852 --- [restartedMain] o.s.b.w.embedded.tomcat.TomcatWebServer  : Tomcat started on port 8080 (http) with context path '/'
2026-06-19T11:28:16.527+05:30  INFO 18852 --- [restartedMain] c.s.o.OnlineLearningPlatformApplication  : Started OnlineLearningPlatformApplication in 4.973 seconds (process running for 5.745)
2026-06-19T11:28:16.529+05:30  WARN 18852 --- [restartedMain] o.s.core.events.SpringDocAppInitializer  : SpringDoc /v3/api-docs endpoint is enabled by default. To disable it in production, set the property 'springdoc.api-docs.enabled=false'
2026-06-19T11:28:16.529+05:30  WARN 18852 --- [restartedMain] o.s.core.events.SpringDocAppInitializer  : SpringDoc /swagger-ui.html endpoint is enabled by default. To disable it in production, set the property 'springdoc.swagger-ui.enabled=false'
2026-06-19T11:28:36.113+05:30  INFO 18852 --- [File Watcher] rtingClassPathChangeChangedEventListener : Restarting due to 77 class path changes (0 additions, 76 deletions, 1 modification)
2026-06-19T11:28:36.118+05:30  INFO 18852 --- [Thread-5] o.s.b.w.e.tomcat.GracefulShutdown        : Commencing graceful shutdown. Waiting for active requests to complete
2026-06-19T11:28:36.130+05:30  INFO 18852 --- [tomcat-shutdown] o.s.b.w.e.tomcat.GracefulShutdown        : Graceful shutdown complete
2026-06-19T11:28:36.136+05:30  INFO 18852 --- [Thread-5] j.LocalContainerEntityManagerFactoryBean : Closing JPA EntityManagerFactory for persistence unit 'default'
2026-06-19T11:28:36.142+05:30  INFO 18852 --- [Thread-5] com.zaxxer.hikari.HikariDataSource       : HikariPool-1 - Shutdown initiated...
2026-06-19T11:28:36.148+05:30  INFO 18852 --- [Thread-5] com.zaxxer.hikari.HikariDataSource       : HikariPool-1 - Shutdown completed.
2026-06-19T11:28:36.286+05:30  INFO 18852 --- [restartedMain] c.s.o.OnlineLearningPlatformApplication  : Starting OnlineLearningPlatformApplication using Java 21.0.11 with PID 18852 (C:\Users\BAPS\Documents\Spring Boot\Online-learning-platform\target\classes started by BAPS in C:\Users\BAPS\Documents\Spring Boot\Online-learning-platform)
2026-06-19T11:28:36.287+05:30  INFO 18852 --- [restartedMain] c.s.o.OnlineLearningPlatformApplication  : No active profile set, falling back to 1 default profile: "default"
2026-06-19T11:28:36.834+05:30  INFO 18852 --- [restartedMain] .s.d.r.c.RepositoryConfigurationDelegate : Bootstrapping Spring Data JPA repositories in DEFAULT mode.
2026-06-19T11:28:36.839+05:30  INFO 18852 --- [restartedMain] .s.d.r.c.RepositoryConfigurationDelegate : Finished Spring Data repository scanning in 2 ms. Found 0 JPA repository interfaces.
2026-06-19T11:28:37.056+05:30  INFO 18852 --- [restartedMain] o.s.b.w.embedded.tomcat.TomcatWebServer  : Tomcat initialized with port 8080 (http)
2026-06-19T11:28:37.059+05:30  INFO 18852 --- [restartedMain] o.apache.catalina.core.StandardService   : Starting service [Tomcat]
2026-06-19T11:28:37.059+05:30  INFO 18852 --- [restartedMain] o.apache.catalina.core.StandardEngine    : Starting Servlet engine: [Apache Tomcat/10.1.54]
2026-06-19T11:28:37.105+05:30  INFO 18852 --- [restartedMain] o.a.c.c.C.[Tomcat].[localhost].[/]       : Initializing Spring embedded WebApplicationContext
2026-06-19T11:28:37.106+05:30  INFO 18852 --- [restartedMain] w.s.c.ServletWebServerApplicationContext : Root WebApplicationContext: initialization completed in 816 ms
2026-06-19T11:28:37.182+05:30  INFO 18852 --- [restartedMain] o.hibernate.jpa.internal.util.LogHelper  : HHH000204: Processing PersistenceUnitInfo [name: default]
2026-06-19T11:28:37.190+05:30  INFO 18852 --- [restartedMain] o.h.c.internal.RegionFactoryInitiator    : HHH000026: Second-level cache disabled
2026-06-19T11:28:37.213+05:30  INFO 18852 --- [restartedMain] o.s.o.j.p.SpringPersistenceUnitInfo      : No LoadTimeWeaver setup: ignoring JPA class transformer
2026-06-19T11:28:37.216+05:30  INFO 18852 --- [restartedMain] com.zaxxer.hikari.HikariDataSource       : HikariPool-2 - Starting...
2026-06-19T11:28:37.309+05:30  INFO 18852 --- [restartedMain] com.zaxxer.hikari.pool.HikariPool        : HikariPool-2 - Added connection org.postgresql.jdbc.PgConnection@319713b4
2026-06-19T11:28:37.309+05:30  INFO 18852 --- [restartedMain] com.zaxxer.hikari.HikariDataSource       : HikariPool-2 - Start completed.
2026-06-19T11:28:37.326+05:30  INFO 18852 --- [restartedMain] org.hibernate.orm.connections.pooling    : HHH10001005: Database info:
	Database JDBC URL [Connecting through datasource 'HikariDataSource (HikariPool-2)']
	Database driver: undefined/unknown
	Database version: 18.1
	Autocommit mode: undefined/unknown
	Isolation level: undefined/unknown
	Minimum pool size: undefined/unknown
	Maximum pool size: undefined/unknown
2026-06-19T11:28:37.387+05:30  INFO 18852 --- [restartedMain] o.h.e.t.j.p.i.JtaPlatformInitiator       : HHH000489: No JTA platform available (set 'hibernate.transaction.jta.platform' to enable JTA platform integration)
2026-06-19T11:28:37.389+05:30  INFO 18852 --- [restartedMain] j.LocalContainerEntityManagerFactoryBean : Initialized JPA EntityManagerFactory for persistence unit 'default'
2026-06-19T11:28:37.472+05:30  WARN 18852 --- [restartedMain] JpaBaseConfiguration$JpaWebConfiguration : spring.jpa.open-in-view is enabled by default. Therefore, database queries may be performed during view rendering. Explicitly configure spring.jpa.open-in-view to disable this warning
2026-06-19T11:28:37.761+05:30  INFO 18852 --- [restartedMain] o.s.b.d.a.OptionalLiveReloadServer       : LiveReload server is running on port 35729
2026-06-19T11:28:37.786+05:30  INFO 18852 --- [restartedMain] o.s.b.w.embedded.tomcat.TomcatWebServer  : Tomcat started on port 8080 (http) with context path '/'
2026-06-19T11:28:37.794+05:30  INFO 18852 --- [restartedMain] c.s.o.OnlineLearningPlatformApplication  : Started OnlineLearningPlatformApplication in 1.566 seconds (process running for 27.013)
2026-06-19T11:28:37.796+05:30  WARN 18852 --- [restartedMain] o.s.core.events.SpringDocAppInitializer  : SpringDoc /v3/api-docs endpoint is enabled by default. To disable it in production, set the property 'springdoc.api-docs.enabled=false'
2026-06-19T11:28:37.796+05:30  WARN 18852 --- [restartedMain] o.s.core.events.SpringDocAppInitializer  : SpringDoc /swagger-ui.html endpoint is enabled by default. To disable it in production, set the property 'springdoc.swagger-ui.enabled=false'
2026-06-19T11:28:37.800+05:30  INFO 18852 --- [restartedMain] .ConditionEvaluationDeltaLoggingListener : Condition evaluation unchanged
2026-06-19T11:28:42.618+05:30  INFO 18852 --- [http-nio-8080-exec-1] o.a.c.c.C.[Tomcat].[localhost].[/]       : Initializing Spring DispatcherServlet 'dispatcherServlet'
2026-06-19T11:28:42.619+05:30  INFO 18852 --- [http-nio-8080-exec-1] o.s.web.servlet.DispatcherServlet        : Initializing Servlet 'dispatcherServlet'
2026-06-19T11:28:42.622+05:30  INFO 18852 --- [http-nio-8080-exec-1] o.s.web.servlet.DispatcherServlet        : Completed initialization in 3 ms
2026-06-19T11:28:43.394+05:30  INFO 18852 --- [http-nio-8080-exec-7] o.springdoc.api.AbstractOpenApiResource  : Init duration for springdoc-openapi is: 324 ms
2026-06-19T11:28:45.028+05:30  INFO 18852 --- [File Watcher] rtingClassPathChangeChangedEventListener : Restarting due to 73 class path changes (73 additions, 0 deletions, 0 modifications)
2026-06-19T11:28:45.029+05:30  INFO 18852 --- [Thread-7] o.s.b.w.e.tomcat.GracefulShutdown        : Commencing graceful shutdown. Waiting for active requests to complete
2026-06-19T11:28:45.039+05:30  INFO 18852 --- [tomcat-shutdown] o.s.b.w.e.tomcat.GracefulShutdown        : Graceful shutdown complete
2026-06-19T11:28:45.042+05:30  INFO 18852 --- [Thread-7] j.LocalContainerEntityManagerFactoryBean : Closing JPA EntityManagerFactory for persistence unit 'default'
2026-06-19T11:28:45.044+05:30  INFO 18852 --- [Thread-7] com.zaxxer.hikari.HikariDataSource       : HikariPool-2 - Shutdown initiated...
2026-06-19T11:28:45.046+05:30  INFO 18852 --- [Thread-7] com.zaxxer.hikari.HikariDataSource       : HikariPool-2 - Shutdown completed.
2026-06-19T11:28:45.185+05:30  INFO 18852 --- [restartedMain] c.s.o.OnlineLearningPlatformApplication  : Starting OnlineLearningPlatformApplication using Java 21.0.11 with PID 18852 (C:\Users\BAPS\Documents\Spring Boot\Online-learning-platform\target\classes started by BAPS in C:\Users\BAPS\Documents\Spring Boot\Online-learning-platform)
2026-06-19T11:28:45.186+05:30  INFO 18852 --- [restartedMain] c.s.o.OnlineLearningPlatformApplication  : No active profile set, falling back to 1 default profile: "default"
2026-06-19T11:28:45.688+05:30  INFO 18852 --- [restartedMain] .s.d.r.c.RepositoryConfigurationDelegate : Bootstrapping Spring Data JPA repositories in DEFAULT mode.
2026-06-19T11:28:45.744+05:30  INFO 18852 --- [restartedMain] .s.d.r.c.RepositoryConfigurationDelegate : Finished Spring Data repository scanning in 54 ms. Found 8 JPA repository interfaces.
2026-06-19T11:28:45.922+05:30  INFO 18852 --- [restartedMain] o.s.b.w.embedded.tomcat.TomcatWebServer  : Tomcat initialized with port 8080 (http)
2026-06-19T11:28:45.923+05:30  INFO 18852 --- [restartedMain] o.apache.catalina.core.StandardService   : Starting service [Tomcat]
2026-06-19T11:28:45.924+05:30  INFO 18852 --- [restartedMain] o.apache.catalina.core.StandardEngine    : Starting Servlet engine: [Apache Tomcat/10.1.54]
2026-06-19T11:28:45.971+05:30  INFO 18852 --- [restartedMain] o.a.c.c.C.[Tomcat].[localhost].[/]       : Initializing Spring embedded WebApplicationContext
2026-06-19T11:28:45.971+05:30  INFO 18852 --- [restartedMain] w.s.c.ServletWebServerApplicationContext : Root WebApplicationContext: initialization completed in 781 ms
2026-06-19T11:28:46.048+05:30  INFO 18852 --- [restartedMain] o.hibernate.jpa.internal.util.LogHelper  : HHH000204: Processing PersistenceUnitInfo [name: default]
2026-06-19T11:28:46.054+05:30  INFO 18852 --- [restartedMain] o.h.c.internal.RegionFactoryInitiator    : HHH000026: Second-level cache disabled
2026-06-19T11:28:46.074+05:30  INFO 18852 --- [restartedMain] o.s.o.j.p.SpringPersistenceUnitInfo      : No LoadTimeWeaver setup: ignoring JPA class transformer
2026-06-19T11:28:46.076+05:30  INFO 18852 --- [restartedMain] com.zaxxer.hikari.HikariDataSource       : HikariPool-3 - Starting...
2026-06-19T11:28:46.264+05:30  INFO 18852 --- [restartedMain] com.zaxxer.hikari.pool.HikariPool        : HikariPool-3 - Added connection org.postgresql.jdbc.PgConnection@347b4859
2026-06-19T11:28:46.264+05:30  INFO 18852 --- [restartedMain] com.zaxxer.hikari.HikariDataSource       : HikariPool-3 - Start completed.
2026-06-19T11:28:46.277+05:30  INFO 18852 --- [restartedMain] org.hibernate.orm.connections.pooling    : HHH10001005: Database info:
	Database JDBC URL [Connecting through datasource 'HikariDataSource (HikariPool-3)']
	Database driver: undefined/unknown
	Database version: 18.1
	Autocommit mode: undefined/unknown
	Isolation level: undefined/unknown
	Minimum pool size: undefined/unknown
	Maximum pool size: undefined/unknown
2026-06-19T11:28:46.568+05:30  INFO 18852 --- [restartedMain] o.h.e.t.j.p.i.JtaPlatformInitiator       : HHH000489: No JTA platform available (set 'hibernate.transaction.jta.platform' to enable JTA platform integration)
2026-06-19T11:28:46.598+05:30  INFO 18852 --- [restartedMain] j.LocalContainerEntityManagerFactoryBean : Initialized JPA EntityManagerFactory for persistence unit 'default'
2026-06-19T11:28:46.918+05:30  WARN 18852 --- [restartedMain] JpaBaseConfiguration$JpaWebConfiguration : spring.jpa.open-in-view is enabled by default. Therefore, database queries may be performed during view rendering. Explicitly configure spring.jpa.open-in-view to disable this warning
2026-06-19T11:28:47.246+05:30  INFO 18852 --- [restartedMain] o.s.b.d.a.OptionalLiveReloadServer       : LiveReload server is running on port 35729
2026-06-19T11:28:47.271+05:30  INFO 18852 --- [restartedMain] o.s.b.w.embedded.tomcat.TomcatWebServer  : Tomcat started on port 8080 (http) with context path '/'
2026-06-19T11:28:47.282+05:30  INFO 18852 --- [restartedMain] c.s.o.OnlineLearningPlatformApplication  : Started OnlineLearningPlatformApplication in 2.153 seconds (process running for 36.5)
2026-06-19T11:28:47.284+05:30  WARN 18852 --- [restartedMain] o.s.core.events.SpringDocAppInitializer  : SpringDoc /v3/api-docs endpoint is enabled by default. To disable it in production, set the property 'springdoc.api-docs.enabled=false'
2026-06-19T11:28:47.284+05:30  WARN 18852 --- [restartedMain] o.s.core.events.SpringDocAppInitializer  : SpringDoc /swagger-ui.html endpoint is enabled by default. To disable it in production, set the property 'springdoc.swagger-ui.enabled=false'
2026-06-19T11:28:47.286+05:30  INFO 18852 --- [restartedMain] .ConditionEvaluationDeltaLoggingListener : Condition evaluation unchanged
2026-06-19T11:29:13.064+05:30  INFO 18852 --- [http-nio-8080-exec-1] o.a.c.c.C.[Tomcat].[localhost].[/]       : Initializing Spring DispatcherServlet 'dispatcherServlet'
2026-06-19T11:29:13.064+05:30  INFO 18852 --- [http-nio-8080-exec-1] o.s.web.servlet.DispatcherServlet        : Initializing Servlet 'dispatcherServlet'
2026-06-19T11:29:13.067+05:30  INFO 18852 --- [http-nio-8080-exec-1] o.s.web.servlet.DispatcherServlet        : Completed initialization in 2 ms
2026-06-19T11:29:13.626+05:30  INFO 18852 --- [http-nio-8080-exec-5] o.springdoc.api.AbstractOpenApiResource  : Init duration for springdoc-openapi is: 485 ms
2026-06-19T11:29:36.267+05:30  INFO 18852 --- [http-nio-8080-exec-6] c.s.o.service.InstructorService          : Fetching all instructors
2026-06-19T11:29:36.506+05:30  INFO 18852 --- [http-nio-8080-exec-6] c.s.o.service.InstructorService          : Total instructors found: 2
2026-06-19T11:29:36.515+05:30  WARN 18852 --- [http-nio-8080-exec-6] ration$PageModule$WarningLoggingModifier : Serializing PageImpl instances as-is is not supported, meaning that there is no guarantee about the stability of the resulting JSON structure!
	For a stable JSON structure, please use Spring Data's PagedModel (globally via @EnableSpringDataWebSupport(pageSerializationMode = VIA_DTO))
	or Spring HATEOAS and Spring Data's PagedResourcesAssembler as documented in https://docs.spring.io/spring-data/commons/reference/repositories/core-extensions.html#core.web.pageables.

2026-06-19T11:29:57.629+05:30  INFO 18852 --- [SpringApplicationShutdownHook] o.s.b.w.e.tomcat.GracefulShutdown        : Commencing graceful shutdown. Waiting for active requests to complete
2026-06-19T11:29:57.635+05:30  INFO 18852 --- [tomcat-shutdown] o.s.b.w.e.tomcat.GracefulShutdown        : Graceful shutdown complete
2026-06-19T11:29:57.638+05:30  INFO 18852 --- [SpringApplicationShutdownHook] j.LocalContainerEntityManagerFactoryBean : Closing JPA EntityManagerFactory for persistence unit 'default'
2026-06-19T11:29:57.639+05:30  INFO 18852 --- [SpringApplicationShutdownHook] com.zaxxer.hikari.HikariDataSource       : HikariPool-3 - Shutdown initiated...
2026-06-19T11:29:57.644+05:30  INFO 18852 --- [SpringApplicationShutdownHook] com.zaxxer.hikari.HikariDataSource       : HikariPool-3 - Shutdown completed.
2026-06-19T11:31:45.731+05:30  INFO 10400 --- [restartedMain] c.s.o.OnlineLearningPlatformApplication  : Starting OnlineLearningPlatformApplication using Java 21.0.11 with PID 10400 (C:\Users\BAPS\Documents\Spring Boot\Online-learning-platform\target\classes started by BAPS in C:\Users\BAPS\Documents\Spring Boot\Online-learning-platform)
2026-06-19T11:31:45.733+05:30  INFO 10400 --- [restartedMain] c.s.o.OnlineLearningPlatformApplication  : No active profile set, falling back to 1 default profile: "default"
2026-06-19T11:31:45.781+05:30  INFO 10400 --- [restartedMain] .e.DevToolsPropertyDefaultsPostProcessor : Devtools property defaults active! Set 'spring.devtools.add-properties' to 'false' to disable
2026-06-19T11:31:45.781+05:30  INFO 10400 --- [restartedMain] .e.DevToolsPropertyDefaultsPostProcessor : For additional web related logging consider setting the 'logging.level.web' property to 'DEBUG'
2026-06-19T11:31:46.561+05:30  INFO 10400 --- [restartedMain] .s.d.r.c.RepositoryConfigurationDelegate : Bootstrapping Spring Data JPA repositories in DEFAULT mode.
2026-06-19T11:31:46.640+05:30  INFO 10400 --- [restartedMain] .s.d.r.c.RepositoryConfigurationDelegate : Finished Spring Data repository scanning in 71 ms. Found 8 JPA repository interfaces.
2026-06-19T11:31:47.109+05:30  INFO 10400 --- [restartedMain] o.s.b.w.embedded.tomcat.TomcatWebServer  : Tomcat initialized with port 8080 (http)
2026-06-19T11:31:47.120+05:30  INFO 10400 --- [restartedMain] o.apache.catalina.core.StandardService   : Starting service [Tomcat]
2026-06-19T11:31:47.120+05:30  INFO 10400 --- [restartedMain] o.apache.catalina.core.StandardEngine    : Starting Servlet engine: [Apache Tomcat/10.1.54]
2026-06-19T11:31:47.165+05:30  INFO 10400 --- [restartedMain] o.a.c.c.C.[Tomcat].[localhost].[/]       : Initializing Spring embedded WebApplicationContext
2026-06-19T11:31:47.166+05:30  INFO 10400 --- [restartedMain] w.s.c.ServletWebServerApplicationContext : Root WebApplicationContext: initialization completed in 1383 ms
2026-06-19T11:31:47.324+05:30  INFO 10400 --- [restartedMain] o.hibernate.jpa.internal.util.LogHelper  : HHH000204: Processing PersistenceUnitInfo [name: default]
2026-06-19T11:31:47.376+05:30  INFO 10400 --- [restartedMain] org.hibernate.Version                    : HHH000412: Hibernate ORM core version 6.6.49.Final
2026-06-19T11:31:47.411+05:30  INFO 10400 --- [restartedMain] o.h.c.internal.RegionFactoryInitiator    : HHH000026: Second-level cache disabled
2026-06-19T11:31:47.668+05:30  INFO 10400 --- [restartedMain] o.s.o.j.p.SpringPersistenceUnitInfo      : No LoadTimeWeaver setup: ignoring JPA class transformer
2026-06-19T11:31:47.695+05:30  INFO 10400 --- [restartedMain] com.zaxxer.hikari.HikariDataSource       : HikariPool-1 - Starting...
2026-06-19T11:31:47.842+05:30  INFO 10400 --- [restartedMain] com.zaxxer.hikari.pool.HikariPool        : HikariPool-1 - Added connection org.postgresql.jdbc.PgConnection@379a9125
2026-06-19T11:31:47.843+05:30  INFO 10400 --- [restartedMain] com.zaxxer.hikari.HikariDataSource       : HikariPool-1 - Start completed.
2026-06-19T11:31:47.914+05:30  INFO 10400 --- [restartedMain] org.hibernate.orm.connections.pooling    : HHH10001005: Database info:
	Database JDBC URL [Connecting through datasource 'HikariDataSource (HikariPool-1)']
	Database driver: undefined/unknown
	Database version: 18.1
	Autocommit mode: undefined/unknown
	Isolation level: undefined/unknown
	Minimum pool size: undefined/unknown
	Maximum pool size: undefined/unknown
2026-06-19T11:31:48.996+05:30  INFO 10400 --- [restartedMain] o.h.e.t.j.p.i.JtaPlatformInitiator       : HHH000489: No JTA platform available (set 'hibernate.transaction.jta.platform' to enable JTA platform integration)
2026-06-19T11:31:49.043+05:30  INFO 10400 --- [restartedMain] j.LocalContainerEntityManagerFactoryBean : Initialized JPA EntityManagerFactory for persistence unit 'default'
2026-06-19T11:31:49.372+05:30  INFO 10400 --- [restartedMain] o.s.d.j.r.query.QueryEnhancerFactory     : Hibernate is in classpath; If applicable, HQL parser will be used.
2026-06-19T11:31:49.546+05:30  WARN 10400 --- [restartedMain] JpaBaseConfiguration$JpaWebConfiguration : spring.jpa.open-in-view is enabled by default. Therefore, database queries may be performed during view rendering. Explicitly configure spring.jpa.open-in-view to disable this warning
2026-06-19T11:31:49.986+05:30  INFO 10400 --- [restartedMain] o.s.b.d.a.OptionalLiveReloadServer       : LiveReload server is running on port 35729
2026-06-19T11:31:50.022+05:30  INFO 10400 --- [restartedMain] o.s.b.w.embedded.tomcat.TomcatWebServer  : Tomcat started on port 8080 (http) with context path '/'
2026-06-19T11:31:50.030+05:30  INFO 10400 --- [restartedMain] c.s.o.OnlineLearningPlatformApplication  : Started OnlineLearningPlatformApplication in 4.799 seconds (process running for 5.544)
2026-06-19T11:31:50.032+05:30  WARN 10400 --- [restartedMain] o.s.core.events.SpringDocAppInitializer  : SpringDoc /v3/api-docs endpoint is enabled by default. To disable it in production, set the property 'springdoc.api-docs.enabled=false'
2026-06-19T11:31:50.032+05:30  WARN 10400 --- [restartedMain] o.s.core.events.SpringDocAppInitializer  : SpringDoc /swagger-ui.html endpoint is enabled by default. To disable it in production, set the property 'springdoc.swagger-ui.enabled=false'
2026-06-19T11:32:02.163+05:30  INFO 10400 --- [http-nio-8080-exec-1] o.a.c.c.C.[Tomcat].[localhost].[/]       : Initializing Spring DispatcherServlet 'dispatcherServlet'
2026-06-19T11:32:02.164+05:30  INFO 10400 --- [http-nio-8080-exec-1] o.s.web.servlet.DispatcherServlet        : Initializing Servlet 'dispatcherServlet'
2026-06-19T11:32:02.167+05:30  INFO 10400 --- [http-nio-8080-exec-1] o.s.web.servlet.DispatcherServlet        : Completed initialization in 3 ms
2026-06-19T11:32:03.073+05:30  INFO 10400 --- [http-nio-8080-exec-4] o.springdoc.api.AbstractOpenApiResource  : Init duration for springdoc-openapi is: 676 ms
2026-06-19T11:33:27.265+05:30  INFO 10400 --- [SpringApplicationShutdownHook] o.s.b.w.e.tomcat.GracefulShutdown        : Commencing graceful shutdown. Waiting for active requests to complete
2026-06-19T11:33:27.273+05:30  INFO 10400 --- [tomcat-shutdown] o.s.b.w.e.tomcat.GracefulShutdown        : Graceful shutdown complete
2026-06-19T11:33:27.279+05:30  INFO 10400 --- [SpringApplicationShutdownHook] j.LocalContainerEntityManagerFactoryBean : Closing JPA EntityManagerFactory for persistence unit 'default'
2026-06-19T11:33:27.284+05:30  INFO 10400 --- [SpringApplicationShutdownHook] com.zaxxer.hikari.HikariDataSource       : HikariPool-1 - Shutdown initiated...
2026-06-19T11:33:27.289+05:30  INFO 10400 --- [SpringApplicationShutdownHook] com.zaxxer.hikari.HikariDataSource       : HikariPool-1 - Shutdown completed.
2026-06-19T11:37:33.769+05:30  INFO 8560 --- [restartedMain] c.s.o.OnlineLearningPlatformApplication  : Starting OnlineLearningPlatformApplication using Java 21.0.11 with PID 8560 (C:\Users\BAPS\Documents\Spring Boot\Online-learning-platform\target\classes started by BAPS in C:\Users\BAPS\Documents\Spring Boot\Online-learning-platform)
2026-06-19T11:37:33.771+05:30  INFO 8560 --- [restartedMain] c.s.o.OnlineLearningPlatformApplication  : No active profile set, falling back to 1 default profile: "default"
2026-06-19T11:37:33.817+05:30  INFO 8560 --- [restartedMain] .e.DevToolsPropertyDefaultsPostProcessor : Devtools property defaults active! Set 'spring.devtools.add-properties' to 'false' to disable
2026-06-19T11:37:33.817+05:30  INFO 8560 --- [restartedMain] .e.DevToolsPropertyDefaultsPostProcessor : For additional web related logging consider setting the 'logging.level.web' property to 'DEBUG'
2026-06-19T11:37:34.640+05:30  INFO 8560 --- [restartedMain] .s.d.r.c.RepositoryConfigurationDelegate : Bootstrapping Spring Data JPA repositories in DEFAULT mode.
2026-06-19T11:37:34.726+05:30  INFO 8560 --- [restartedMain] .s.d.r.c.RepositoryConfigurationDelegate : Finished Spring Data repository scanning in 76 ms. Found 8 JPA repository interfaces.
2026-06-19T11:37:35.231+05:30  INFO 8560 --- [restartedMain] o.s.b.w.embedded.tomcat.TomcatWebServer  : Tomcat initialized with port 8080 (http)
2026-06-19T11:37:35.242+05:30  INFO 8560 --- [restartedMain] o.apache.catalina.core.StandardService   : Starting service [Tomcat]
2026-06-19T11:37:35.242+05:30  INFO 8560 --- [restartedMain] o.apache.catalina.core.StandardEngine    : Starting Servlet engine: [Apache Tomcat/10.1.54]
2026-06-19T11:37:35.296+05:30  INFO 8560 --- [restartedMain] o.a.c.c.C.[Tomcat].[localhost].[/]       : Initializing Spring embedded WebApplicationContext
2026-06-19T11:37:35.296+05:30  INFO 8560 --- [restartedMain] w.s.c.ServletWebServerApplicationContext : Root WebApplicationContext: initialization completed in 1477 ms
2026-06-19T11:37:35.463+05:30  INFO 8560 --- [restartedMain] o.hibernate.jpa.internal.util.LogHelper  : HHH000204: Processing PersistenceUnitInfo [name: default]
2026-06-19T11:37:35.519+05:30  INFO 8560 --- [restartedMain] org.hibernate.Version                    : HHH000412: Hibernate ORM core version 6.6.49.Final
2026-06-19T11:37:35.553+05:30  INFO 8560 --- [restartedMain] o.h.c.internal.RegionFactoryInitiator    : HHH000026: Second-level cache disabled
2026-06-19T11:37:35.810+05:30  INFO 8560 --- [restartedMain] o.s.o.j.p.SpringPersistenceUnitInfo      : No LoadTimeWeaver setup: ignoring JPA class transformer
2026-06-19T11:37:35.839+05:30  INFO 8560 --- [restartedMain] com.zaxxer.hikari.HikariDataSource       : HikariPool-1 - Starting...
2026-06-19T11:37:35.983+05:30  INFO 8560 --- [restartedMain] com.zaxxer.hikari.pool.HikariPool        : HikariPool-1 - Added connection org.postgresql.jdbc.PgConnection@699e3e51
2026-06-19T11:37:35.985+05:30  INFO 8560 --- [restartedMain] com.zaxxer.hikari.HikariDataSource       : HikariPool-1 - Start completed.
2026-06-19T11:37:36.058+05:30  INFO 8560 --- [restartedMain] org.hibernate.orm.connections.pooling    : HHH10001005: Database info:
	Database JDBC URL [Connecting through datasource 'HikariDataSource (HikariPool-1)']
	Database driver: undefined/unknown
	Database version: 18.1
	Autocommit mode: undefined/unknown
	Isolation level: undefined/unknown
	Minimum pool size: undefined/unknown
	Maximum pool size: undefined/unknown
2026-06-19T11:37:37.153+05:30  INFO 8560 --- [restartedMain] o.h.e.t.j.p.i.JtaPlatformInitiator       : HHH000489: No JTA platform available (set 'hibernate.transaction.jta.platform' to enable JTA platform integration)
2026-06-19T11:37:37.202+05:30  INFO 8560 --- [restartedMain] j.LocalContainerEntityManagerFactoryBean : Initialized JPA EntityManagerFactory for persistence unit 'default'
2026-06-19T11:37:37.532+05:30  INFO 8560 --- [restartedMain] o.s.d.j.r.query.QueryEnhancerFactory     : Hibernate is in classpath; If applicable, HQL parser will be used.
2026-06-19T11:37:37.706+05:30  WARN 8560 --- [restartedMain] JpaBaseConfiguration$JpaWebConfiguration : spring.jpa.open-in-view is enabled by default. Therefore, database queries may be performed during view rendering. Explicitly configure spring.jpa.open-in-view to disable this warning
2026-06-19T11:37:38.123+05:30  INFO 8560 --- [restartedMain] o.s.b.d.a.OptionalLiveReloadServer       : LiveReload server is running on port 35729
2026-06-19T11:37:38.160+05:30  INFO 8560 --- [restartedMain] o.s.b.w.embedded.tomcat.TomcatWebServer  : Tomcat started on port 8080 (http) with context path '/'
2026-06-19T11:37:38.169+05:30  INFO 8560 --- [restartedMain] c.s.o.OnlineLearningPlatformApplication  : Started OnlineLearningPlatformApplication in 4.96 seconds (process running for 5.763)
2026-06-19T11:37:38.171+05:30  WARN 8560 --- [restartedMain] o.s.core.events.SpringDocAppInitializer  : SpringDoc /v3/api-docs endpoint is enabled by default. To disable it in production, set the property 'springdoc.api-docs.enabled=false'
2026-06-19T11:37:38.171+05:30  WARN 8560 --- [restartedMain] o.s.core.events.SpringDocAppInitializer  : SpringDoc /swagger-ui.html endpoint is enabled by default. To disable it in production, set the property 'springdoc.swagger-ui.enabled=false'
2026-06-19T11:38:01.004+05:30  INFO 8560 --- [http-nio-8080-exec-1] o.a.c.c.C.[Tomcat].[localhost].[/]       : Initializing Spring DispatcherServlet 'dispatcherServlet'
2026-06-19T11:38:01.004+05:30  INFO 8560 --- [http-nio-8080-exec-1] o.s.web.servlet.DispatcherServlet        : Initializing Servlet 'dispatcherServlet'
2026-06-19T11:38:01.005+05:30  INFO 8560 --- [http-nio-8080-exec-1] o.s.web.servlet.DispatcherServlet        : Completed initialization in 1 ms
2026-06-19T11:38:01.870+05:30  INFO 8560 --- [http-nio-8080-exec-6] o.springdoc.api.AbstractOpenApiResource  : Init duration for springdoc-openapi is: 642 ms
2026-06-19T11:39:30.246+05:30  INFO 8560 --- [SpringApplicationShutdownHook] o.s.b.w.e.tomcat.GracefulShutdown        : Commencing graceful shutdown. Waiting for active requests to complete
2026-06-19T11:39:30.252+05:30  INFO 8560 --- [tomcat-shutdown] o.s.b.w.e.tomcat.GracefulShutdown        : Graceful shutdown complete
2026-06-19T11:39:30.257+05:30  INFO 8560 --- [SpringApplicationShutdownHook] j.LocalContainerEntityManagerFactoryBean : Closing JPA EntityManagerFactory for persistence unit 'default'
2026-06-19T11:39:30.259+05:30  INFO 8560 --- [SpringApplicationShutdownHook] com.zaxxer.hikari.HikariDataSource       : HikariPool-1 - Shutdown initiated...
2026-06-19T11:39:30.262+05:30  INFO 8560 --- [SpringApplicationShutdownHook] com.zaxxer.hikari.HikariDataSource       : HikariPool-1 - Shutdown completed.
2026-06-19T11:40:43.589+05:30  INFO 11228 --- [restartedMain] c.s.o.OnlineLearningPlatformApplication  : Starting OnlineLearningPlatformApplication using Java 21.0.11 with PID 11228 (C:\Users\BAPS\Documents\Spring Boot\Online-learning-platform\target\classes started by BAPS in C:\Users\BAPS\Documents\Spring Boot\Online-learning-platform)
2026-06-19T11:40:43.592+05:30  INFO 11228 --- [restartedMain] c.s.o.OnlineLearningPlatformApplication  : No active profile set, falling back to 1 default profile: "default"
2026-06-19T11:40:43.643+05:30  INFO 11228 --- [restartedMain] .e.DevToolsPropertyDefaultsPostProcessor : Devtools property defaults active! Set 'spring.devtools.add-properties' to 'false' to disable
2026-06-19T11:40:43.643+05:30  INFO 11228 --- [restartedMain] .e.DevToolsPropertyDefaultsPostProcessor : For additional web related logging consider setting the 'logging.level.web' property to 'DEBUG'
2026-06-19T11:40:44.446+05:30  INFO 11228 --- [restartedMain] .s.d.r.c.RepositoryConfigurationDelegate : Bootstrapping Spring Data JPA repositories in DEFAULT mode.
2026-06-19T11:40:44.528+05:30  INFO 11228 --- [restartedMain] .s.d.r.c.RepositoryConfigurationDelegate : Finished Spring Data repository scanning in 73 ms. Found 8 JPA repository interfaces.
2026-06-19T11:40:45.004+05:30  INFO 11228 --- [restartedMain] o.s.b.w.embedded.tomcat.TomcatWebServer  : Tomcat initialized with port 8080 (http)
2026-06-19T11:40:45.015+05:30  INFO 11228 --- [restartedMain] o.apache.catalina.core.StandardService   : Starting service [Tomcat]
2026-06-19T11:40:45.016+05:30  INFO 11228 --- [restartedMain] o.apache.catalina.core.StandardEngine    : Starting Servlet engine: [Apache Tomcat/10.1.54]
2026-06-19T11:40:45.062+05:30  INFO 11228 --- [restartedMain] o.a.c.c.C.[Tomcat].[localhost].[/]       : Initializing Spring embedded WebApplicationContext
2026-06-19T11:40:45.062+05:30  INFO 11228 --- [restartedMain] w.s.c.ServletWebServerApplicationContext : Root WebApplicationContext: initialization completed in 1418 ms
2026-06-19T11:40:45.228+05:30  INFO 11228 --- [restartedMain] o.hibernate.jpa.internal.util.LogHelper  : HHH000204: Processing PersistenceUnitInfo [name: default]
2026-06-19T11:40:45.285+05:30  INFO 11228 --- [restartedMain] org.hibernate.Version                    : HHH000412: Hibernate ORM core version 6.6.49.Final
2026-06-19T11:40:45.318+05:30  INFO 11228 --- [restartedMain] o.h.c.internal.RegionFactoryInitiator    : HHH000026: Second-level cache disabled
2026-06-19T11:40:45.571+05:30  INFO 11228 --- [restartedMain] o.s.o.j.p.SpringPersistenceUnitInfo      : No LoadTimeWeaver setup: ignoring JPA class transformer
2026-06-19T11:40:45.600+05:30  INFO 11228 --- [restartedMain] com.zaxxer.hikari.HikariDataSource       : HikariPool-1 - Starting...
2026-06-19T11:40:45.755+05:30  INFO 11228 --- [restartedMain] com.zaxxer.hikari.pool.HikariPool        : HikariPool-1 - Added connection org.postgresql.jdbc.PgConnection@707b52a0
2026-06-19T11:40:45.757+05:30  INFO 11228 --- [restartedMain] com.zaxxer.hikari.HikariDataSource       : HikariPool-1 - Start completed.
2026-06-19T11:40:45.824+05:30  INFO 11228 --- [restartedMain] org.hibernate.orm.connections.pooling    : HHH10001005: Database info:
	Database JDBC URL [Connecting through datasource 'HikariDataSource (HikariPool-1)']
	Database driver: undefined/unknown
	Database version: 18.1
	Autocommit mode: undefined/unknown
	Isolation level: undefined/unknown
	Minimum pool size: undefined/unknown
	Maximum pool size: undefined/unknown
2026-06-19T11:40:46.851+05:30  INFO 11228 --- [restartedMain] o.h.e.t.j.p.i.JtaPlatformInitiator       : HHH000489: No JTA platform available (set 'hibernate.transaction.jta.platform' to enable JTA platform integration)
2026-06-19T11:40:46.902+05:30  INFO 11228 --- [restartedMain] j.LocalContainerEntityManagerFactoryBean : Initialized JPA EntityManagerFactory for persistence unit 'default'
2026-06-19T11:40:47.246+05:30  INFO 11228 --- [restartedMain] o.s.d.j.r.query.QueryEnhancerFactory     : Hibernate is in classpath; If applicable, HQL parser will be used.
2026-06-19T11:40:47.418+05:30  WARN 11228 --- [restartedMain] JpaBaseConfiguration$JpaWebConfiguration : spring.jpa.open-in-view is enabled by default. Therefore, database queries may be performed during view rendering. Explicitly configure spring.jpa.open-in-view to disable this warning
2026-06-19T11:40:47.839+05:30  INFO 11228 --- [restartedMain] o.s.b.d.a.OptionalLiveReloadServer       : LiveReload server is running on port 35729
2026-06-19T11:40:47.883+05:30  INFO 11228 --- [restartedMain] o.s.b.w.embedded.tomcat.TomcatWebServer  : Tomcat started on port 8080 (http) with context path '/'
2026-06-19T11:40:47.891+05:30  INFO 11228 --- [restartedMain] c.s.o.OnlineLearningPlatformApplication  : Started OnlineLearningPlatformApplication in 4.92 seconds (process running for 5.649)
2026-06-19T11:40:47.894+05:30  WARN 11228 --- [restartedMain] o.s.core.events.SpringDocAppInitializer  : SpringDoc /v3/api-docs endpoint is enabled by default. To disable it in production, set the property 'springdoc.api-docs.enabled=false'
2026-06-19T11:40:47.895+05:30  WARN 11228 --- [restartedMain] o.s.core.events.SpringDocAppInitializer  : SpringDoc /swagger-ui.html endpoint is enabled by default. To disable it in production, set the property 'springdoc.swagger-ui.enabled=false'
2026-06-19T11:40:58.186+05:30  INFO 11228 --- [http-nio-8080-exec-1] o.a.c.c.C.[Tomcat].[localhost].[/]       : Initializing Spring DispatcherServlet 'dispatcherServlet'
2026-06-19T11:40:58.186+05:30  INFO 11228 --- [http-nio-8080-exec-1] o.s.web.servlet.DispatcherServlet        : Initializing Servlet 'dispatcherServlet'
2026-06-19T11:40:58.189+05:30  INFO 11228 --- [http-nio-8080-exec-1] o.s.web.servlet.DispatcherServlet        : Completed initialization in 3 ms
2026-06-19T11:40:59.047+05:30  INFO 11228 --- [http-nio-8080-exec-3] o.springdoc.api.AbstractOpenApiResource  : Init duration for springdoc-openapi is: 649 ms
2026-06-19T11:41:59.831+05:30  INFO 11228 --- [SpringApplicationShutdownHook] o.s.b.w.e.tomcat.GracefulShutdown        : Commencing graceful shutdown. Waiting for active requests to complete
2026-06-19T11:41:59.837+05:30  INFO 11228 --- [tomcat-shutdown] o.s.b.w.e.tomcat.GracefulShutdown        : Graceful shutdown complete
2026-06-19T11:41:59.841+05:30  INFO 11228 --- [SpringApplicationShutdownHook] j.LocalContainerEntityManagerFactoryBean : Closing JPA EntityManagerFactory for persistence unit 'default'
2026-06-19T11:41:59.844+05:30  INFO 11228 --- [SpringApplicationShutdownHook] com.zaxxer.hikari.HikariDataSource       : HikariPool-1 - Shutdown initiated...
2026-06-19T11:41:59.847+05:30  INFO 11228 --- [SpringApplicationShutdownHook] com.zaxxer.hikari.HikariDataSource       : HikariPool-1 - Shutdown completed.
2026-06-19T11:44:48.885+05:30  INFO 15708 --- [restartedMain] c.s.o.OnlineLearningPlatformApplication  : Starting OnlineLearningPlatformApplication using Java 21.0.11 with PID 15708 (C:\Users\BAPS\Documents\Spring Boot\Online-learning-platform\target\classes started by BAPS in C:\Users\BAPS\Documents\Spring Boot\Online-learning-platform)
2026-06-19T11:44:48.887+05:30  INFO 15708 --- [restartedMain] c.s.o.OnlineLearningPlatformApplication  : No active profile set, falling back to 1 default profile: "default"
2026-06-19T11:44:48.934+05:30  INFO 15708 --- [restartedMain] .e.DevToolsPropertyDefaultsPostProcessor : Devtools property defaults active! Set 'spring.devtools.add-properties' to 'false' to disable
2026-06-19T11:44:48.935+05:30  INFO 15708 --- [restartedMain] .e.DevToolsPropertyDefaultsPostProcessor : For additional web related logging consider setting the 'logging.level.web' property to 'DEBUG'
2026-06-19T11:44:49.734+05:30  INFO 15708 --- [restartedMain] .s.d.r.c.RepositoryConfigurationDelegate : Bootstrapping Spring Data JPA repositories in DEFAULT mode.
2026-06-19T11:44:49.812+05:30  INFO 15708 --- [restartedMain] .s.d.r.c.RepositoryConfigurationDelegate : Finished Spring Data repository scanning in 70 ms. Found 8 JPA repository interfaces.
2026-06-19T11:44:50.292+05:30  INFO 15708 --- [restartedMain] o.s.b.w.embedded.tomcat.TomcatWebServer  : Tomcat initialized with port 8080 (http)
2026-06-19T11:44:50.302+05:30  INFO 15708 --- [restartedMain] o.apache.catalina.core.StandardService   : Starting service [Tomcat]
2026-06-19T11:44:50.302+05:30  INFO 15708 --- [restartedMain] o.apache.catalina.core.StandardEngine    : Starting Servlet engine: [Apache Tomcat/10.1.54]
2026-06-19T11:44:50.345+05:30  INFO 15708 --- [restartedMain] o.a.c.c.C.[Tomcat].[localhost].[/]       : Initializing Spring embedded WebApplicationContext
2026-06-19T11:44:50.345+05:30  INFO 15708 --- [restartedMain] w.s.c.ServletWebServerApplicationContext : Root WebApplicationContext: initialization completed in 1410 ms
2026-06-19T11:44:50.498+05:30  INFO 15708 --- [restartedMain] o.hibernate.jpa.internal.util.LogHelper  : HHH000204: Processing PersistenceUnitInfo [name: default]
2026-06-19T11:44:50.566+05:30  INFO 15708 --- [restartedMain] org.hibernate.Version                    : HHH000412: Hibernate ORM core version 6.6.49.Final
2026-06-19T11:44:50.600+05:30  INFO 15708 --- [restartedMain] o.h.c.internal.RegionFactoryInitiator    : HHH000026: Second-level cache disabled
2026-06-19T11:44:50.848+05:30  INFO 15708 --- [restartedMain] o.s.o.j.p.SpringPersistenceUnitInfo      : No LoadTimeWeaver setup: ignoring JPA class transformer
2026-06-19T11:44:50.878+05:30  INFO 15708 --- [restartedMain] com.zaxxer.hikari.HikariDataSource       : HikariPool-1 - Starting...
2026-06-19T11:44:51.049+05:30  INFO 15708 --- [restartedMain] com.zaxxer.hikari.pool.HikariPool        : HikariPool-1 - Added connection org.postgresql.jdbc.PgConnection@4b86677b
2026-06-19T11:44:51.050+05:30  INFO 15708 --- [restartedMain] com.zaxxer.hikari.HikariDataSource       : HikariPool-1 - Start completed.
2026-06-19T11:44:51.122+05:30  INFO 15708 --- [restartedMain] org.hibernate.orm.connections.pooling    : HHH10001005: Database info:
	Database JDBC URL [Connecting through datasource 'HikariDataSource (HikariPool-1)']
	Database driver: undefined/unknown
	Database version: 18.1
	Autocommit mode: undefined/unknown
	Isolation level: undefined/unknown
	Minimum pool size: undefined/unknown
	Maximum pool size: undefined/unknown
2026-06-19T11:44:52.219+05:30  INFO 15708 --- [restartedMain] o.h.e.t.j.p.i.JtaPlatformInitiator       : HHH000489: No JTA platform available (set 'hibernate.transaction.jta.platform' to enable JTA platform integration)
2026-06-19T11:44:52.268+05:30  INFO 15708 --- [restartedMain] j.LocalContainerEntityManagerFactoryBean : Initialized JPA EntityManagerFactory for persistence unit 'default'
2026-06-19T11:44:52.605+05:30  INFO 15708 --- [restartedMain] o.s.d.j.r.query.QueryEnhancerFactory     : Hibernate is in classpath; If applicable, HQL parser will be used.
2026-06-19T11:44:52.803+05:30  WARN 15708 --- [restartedMain] JpaBaseConfiguration$JpaWebConfiguration : spring.jpa.open-in-view is enabled by default. Therefore, database queries may be performed during view rendering. Explicitly configure spring.jpa.open-in-view to disable this warning
2026-06-19T11:44:53.247+05:30  INFO 15708 --- [restartedMain] o.s.b.d.a.OptionalLiveReloadServer       : LiveReload server is running on port 35729
2026-06-19T11:44:53.284+05:30  INFO 15708 --- [restartedMain] o.s.b.w.embedded.tomcat.TomcatWebServer  : Tomcat started on port 8080 (http) with context path '/'
2026-06-19T11:44:53.293+05:30  INFO 15708 --- [restartedMain] c.s.o.OnlineLearningPlatformApplication  : Started OnlineLearningPlatformApplication in 4.928 seconds (process running for 5.715)
2026-06-19T11:44:53.296+05:30  WARN 15708 --- [restartedMain] o.s.core.events.SpringDocAppInitializer  : SpringDoc /v3/api-docs endpoint is enabled by default. To disable it in production, set the property 'springdoc.api-docs.enabled=false'
2026-06-19T11:44:53.296+05:30  WARN 15708 --- [restartedMain] o.s.core.events.SpringDocAppInitializer  : SpringDoc /swagger-ui.html endpoint is enabled by default. To disable it in production, set the property 'springdoc.swagger-ui.enabled=false'
2026-06-19T11:45:01.635+05:30  INFO 15708 --- [SpringApplicationShutdownHook] o.s.b.w.e.tomcat.GracefulShutdown        : Commencing graceful shutdown. Waiting for active requests to complete
2026-06-19T11:45:01.642+05:30  INFO 15708 --- [tomcat-shutdown] o.s.b.w.e.tomcat.GracefulShutdown        : Graceful shutdown complete
2026-06-19T11:45:01.646+05:30  INFO 15708 --- [SpringApplicationShutdownHook] j.LocalContainerEntityManagerFactoryBean : Closing JPA EntityManagerFactory for persistence unit 'default'
2026-06-19T11:45:01.651+05:30  INFO 15708 --- [SpringApplicationShutdownHook] com.zaxxer.hikari.HikariDataSource       : HikariPool-1 - Shutdown initiated...
2026-06-19T11:45:01.653+05:30  INFO 15708 --- [SpringApplicationShutdownHook] com.zaxxer.hikari.HikariDataSource       : HikariPool-1 - Shutdown completed.
